<?xml version="1.0" encoding="UTF-8"?>
<!-- Generated by org.testng.reporters.JUnitXMLReporter -->
<testsuite hostname="CTL-16" ignored="0" name="Default test" tests="9" failures="0" timestamp="26 Dec 2017 07:25:13 GMT" time="0.062" errors="0">
  <testcase name="@BeforeMethod appium_initial_setUp" time="0.0" classname="appiumGrid.appiumTestPOM3">
    <failure type="org.testng.TestNGException" message="
Parameter &amp;apos;port&amp;apos; is required by BeforeMethod on method appium_initial_setUp but has not been marked @Optional or defined
in C:\Users\Admin\AppData\Local\Temp\testng-eclipse-343213204\testng-customsuite.xml">
      <![CDATA[org.testng.TestNGException: 
Parameter 'port' is required by BeforeMethod on method appium_initial_setUp but has not been marked @Optional or defined
in C:\Users\Admin\AppData\Local\Temp\testng-eclipse-343213204\testng-customsuite.xml
	at org.testng.internal.Parameters.createParameters(Parameters.java:199)
	at org.testng.internal.Parameters.createParameters(Parameters.java:443)
	at org.testng.internal.Parameters.createConfigurationParameters(Parameters.java:118)
	at org.testng.internal.Invoker.invokeConfigurations(Invoker.java:206)
	at org.testng.internal.Invoker.invokeMethod(Invoker.java:599)
	at org.testng.internal.Invoker.invokeTestMethod(Invoker.java:869)
	at org.testng.internal.Invoker.invokeTestMethods(Invoker.java:1193)
	at org.testng.internal.TestMethodWorker.invokeTestMethods(TestMethodWorker.java:126)
	at org.testng.internal.TestMethodWorker.run(TestMethodWorker.java:109)
	at org.testng.TestRunner.privateRun(TestRunner.java:744)
	at org.testng.TestRunner.run(TestRunner.java:602)
	at org.testng.SuiteRunner.runTest(SuiteRunner.java:380)
	at org.testng.SuiteRunner.runSequentially(SuiteRunner.java:375)
	at org.testng.SuiteRunner.privateRun(SuiteRunner.java:340)
	at org.testng.SuiteRunner.run(SuiteRunner.java:289)
	at org.testng.SuiteRunnerWorker.runSuite(SuiteRunnerWorker.java:52)
	at org.testng.SuiteRunnerWorker.run(SuiteRunnerWorker.java:86)
	at org.testng.TestNG.runSuitesSequentially(TestNG.java:1301)
	at org.testng.TestNG.runSuitesLocally(TestNG.java:1226)
	at org.testng.TestNG.runSuites(TestNG.java:1144)
	at org.testng.TestNG.run(TestNG.java:1115)
	at org.testng.remote.AbstractRemoteTestNG.run(AbstractRemoteTestNG.java:132)
	at org.testng.remote.RemoteTestNG.initAndRun(RemoteTestNG.java:230)
	at org.testng.remote.RemoteTestNG.main(RemoteTestNG.java:76)
]]>
    </failure>
  </testcase> <!-- @BeforeMethod appium_initial_setUp -->
  <testcase name="@BeforeMethod appium_initial_setUp" time="0.0" classname="appiumGrid.appiumTestPOM3">
    <skipped/>
  </testcase> <!-- @BeforeMethod appium_initial_setUp -->
  <testcase name="@BeforeMethod appium_initial_setUp" time="0.0" classname="appiumGrid.appiumTestPOM3">
    <skipped/>
  </testcase> <!-- @BeforeMethod appium_initial_setUp -->
  <testcase name="@BeforeMethod appium_initial_setUp" time="0.0" classname="appiumGrid.appiumTestPOM3">
    <skipped/>
  </testcase> <!-- @BeforeMethod appium_initial_setUp -->
  <testcase name="@BeforeMethod appium_initial_setUp" time="0.0" classname="appiumGrid.appiumTestPOM3">
    <skipped/>
  </testcase> <!-- @BeforeMethod appium_initial_setUp -->
  <testcase name="@BeforeMethod appium_initial_setUp" time="0.0" classname="appiumGrid.appiumTestPOM3">
    <skipped/>
  </testcase> <!-- @BeforeMethod appium_initial_setUp -->
  <testcase name="@BeforeMethod appium_initial_setUp" time="0.0" classname="appiumGrid.appiumTestPOM3">
    <skipped/>
  </testcase> <!-- @BeforeMethod appium_initial_setUp -->
  <testcase name="@BeforeMethod appium_initial_setUp" time="0.0" classname="appiumGrid.appiumTestPOM3">
    <skipped/>
  </testcase> <!-- @BeforeMethod appium_initial_setUp -->
  <testcase name="@BeforeMethod appium_initial_setUp" time="0.0" classname="appiumGrid.appiumTestPOM3">
    <skipped/>
  </testcase> <!-- @BeforeMethod appium_initial_setUp -->
  <testcase name="verify_navigation_SignInPage" time="0.0" classname="investicamobileTestCases.Verify_GuestNavigation_TestCases">
    <skipped/>
  </testcase> <!-- verify_navigation_SignInPage -->
  <testcase name="verify_navigation_to_Guest_InvestorDashboard" time="0.0" classname="investicamobileTestCases.Verify_GuestNavigation_TestCases">
    <skipped/>
  </testcase> <!-- verify_navigation_to_Guest_InvestorDashboard -->
  <testcase name="verify_navigation_to_FundExplorer_Guest" time="0.0" classname="investicamobileTestCases.Verify_GuestNavigation_TestCases">
    <skipped/>
  </testcase> <!-- verify_navigation_to_FundExplorer_Guest -->
  <testcase name="verify_navigation_to_MyInvestments_Guest" time="0.0" classname="investicamobileTestCases.Verify_GuestNavigation_TestCases">
    <skipped/>
  </testcase> <!-- verify_navigation_to_MyInvestments_Guest -->
  <testcase name="verify_navigation_to_MyTransactions_Guest" time="0.0" classname="investicamobileTestCases.Verify_GuestNavigation_TestCases">
    <skipped/>
  </testcase> <!-- verify_navigation_to_MyTransactions_Guest -->
  <testcase name="verify_navigation_to_MyProfile_Guest" time="0.0" classname="investicamobileTestCases.Verify_GuestNavigation_TestCases">
    <skipped/>
  </testcase> <!-- verify_navigation_to_MyProfile_Guest -->
  <testcase name="verify_navigation_to_SupportPage" time="0.0" classname="investicamobileTestCases.Verify_GuestNavigation_TestCases">
    <skipped/>
  </testcase> <!-- verify_navigation_to_SupportPage -->
  <testcase name="verify_Guest_Share_functionality" time="0.0" classname="investicamobileTestCases.Verify_GuestNavigation_TestCases">
    <skipped/>
  </testcase> <!-- verify_Guest_Share_functionality -->
  <testcase name="verify_navigation_FaqPage" time="0.0" classname="investicamobileTestCases.Verify_GuestNavigation_TestCases">
    <skipped/>
  </testcase> <!-- verify_navigation_FaqPage -->
</testsuite> <!-- Default test -->
